This is XeTeX, Version 3.14159265-2.6-0.999991 (TeX Live 2019/W32TeX) (preloaded format=xelatex 2020.3.23)  8 MAY 2020 09:35
entering extended mode
 restricted \write18 enabled.
 %&-line parsing enabled.
**document.tex
(./document.tex
LaTeX2e <2018-12-01>
(d:/texlive/texlive/texlive/2019/texmf-dist/tex/latex/ctex/ctexart.cls
(d:/texlive/texlive/texlive/2019/texmf-dist/tex/latex/l3kernel/expl3.sty
Package: expl3 2019-04-06 L3 programming layer (loader) 

(d:/texlive/texlive/texlive/2019/texmf-dist/tex/latex/l3kernel/expl3-code.tex
Package: expl3 2019-04-06 L3 programming layer (code)
\c_max_int=\count80
\l_tmpa_int=\count81
\l_tmpb_int=\count82
\g_tmpa_int=\count83
\g_tmpb_int=\count84
\g__kernel_prg_map_int=\count85
\c__ior_term_ior=\count86
\c_log_iow=\count87
\l_iow_line_count_int=\count88
\l__iow_line_target_int=\count89
\l__iow_one_indent_int=\count90
\l__iow_indent_int=\count91
\c_zero_dim=\dimen102
\c_max_dim=\dimen103
\l_tmpa_dim=\dimen104
\l_tmpb_dim=\dimen105
\g_tmpa_dim=\dimen106
\g_tmpb_dim=\dimen107
\c_zero_skip=\skip41
\c_max_skip=\skip42
\l_tmpa_skip=\skip43
\l_tmpb_skip=\skip44
\g_tmpa_skip=\skip45
\g_tmpb_skip=\skip46
\c_zero_muskip=\muskip10
\c_max_muskip=\muskip11
\l_tmpa_muskip=\muskip12
\l_tmpb_muskip=\muskip13
\g_tmpa_muskip=\muskip14
\g_tmpb_muskip=\muskip15
\l_keys_choice_int=\count92
\l__intarray_loop_int=\count93
\c__intarray_sp_dim=\dimen108
\g__intarray_font_int=\count94
\c__fp_leading_shift_int=\count95
\c__fp_middle_shift_int=\count96
\c__fp_trailing_shift_int=\count97
\c__fp_big_leading_shift_int=\count98
\c__fp_big_middle_shift_int=\count99
\c__fp_big_trailing_shift_int=\count100
\c__fp_Bigg_leading_shift_int=\count101
\c__fp_Bigg_middle_shift_int=\count102
\c__fp_Bigg_trailing_shift_int=\count103
\g__fp_array_int=\count104
\l__fp_array_loop_int=\count105
\l__sort_length_int=\count106
\l__sort_min_int=\count107
\l__sort_top_int=\count108
\l__sort_max_int=\count109
\l__sort_true_max_int=\count110
\l__sort_block_int=\count111
\l__sort_begin_int=\count112
\l__sort_end_int=\count113
\l__sort_A_int=\count114
\l__sort_B_int=\count115
\l__sort_C_int=\count116
\l__tl_analysis_normal_int=\count117
\l__tl_analysis_index_int=\count118
\l__tl_analysis_nesting_int=\count119
\l__tl_analysis_type_int=\count120
\l__regex_internal_a_int=\count121
\l__regex_internal_b_int=\count122
\l__regex_internal_c_int=\count123
\l__regex_balance_int=\count124
\l__regex_group_level_int=\count125
\l__regex_mode_int=\count126
\c__regex_cs_in_class_mode_int=\count127
\c__regex_cs_mode_int=\count128
\l__regex_catcodes_int=\count129
\l__regex_default_catcodes_int=\count130
\c__regex_catcode_L_int=\count131
\c__regex_catcode_O_int=\count132
\c__regex_catcode_A_int=\count133
\c__regex_all_catcodes_int=\count134
\l__regex_show_lines_int=\count135
\l__regex_min_state_int=\count136
\l__regex_max_state_int=\count137
\l__regex_left_state_int=\count138
\l__regex_right_state_int=\count139
\l__regex_capturing_group_int=\count140
\l__regex_min_pos_int=\count141
\l__regex_max_pos_int=\count142
\l__regex_curr_pos_int=\count143
\l__regex_start_pos_int=\count144
\l__regex_success_pos_int=\count145
\l__regex_curr_char_int=\count146
\l__regex_curr_catcode_int=\count147
\l__regex_last_char_int=\count148
\l__regex_case_changed_char_int=\count149
\l__regex_curr_state_int=\count150
\l__regex_step_int=\count151
\l__regex_min_active_int=\count152
\l__regex_max_active_int=\count153
\l__regex_replacement_csnames_int=\count154
\l__regex_match_count_int=\count155
\l__regex_min_submatch_int=\count156
\l__regex_submatch_int=\count157
\l__regex_zeroth_submatch_int=\count158
\g__regex_trace_regex_int=\count159
\c_empty_box=\box27
\l_tmpa_box=\box28
\l_tmpb_box=\box29
\g_tmpa_box=\box30
\g_tmpb_box=\box31
\l__box_top_dim=\dimen109
\l__box_bottom_dim=\dimen110
\l__box_left_dim=\dimen111
\l__box_right_dim=\dimen112
\l__box_top_new_dim=\dimen113
\l__box_bottom_new_dim=\dimen114
\l__box_left_new_dim=\dimen115
\l__box_right_new_dim=\dimen116
\l__box_internal_box=\box32
\l__coffin_internal_box=\box33
\l__coffin_internal_dim=\dimen117
\l__coffin_offset_x_dim=\dimen118
\l__coffin_offset_y_dim=\dimen119
\l__coffin_x_dim=\dimen120
\l__coffin_y_dim=\dimen121
\l__coffin_x_prime_dim=\dimen122
\l__coffin_y_prime_dim=\dimen123
\c_empty_coffin=\box34
\l__coffin_aligned_coffin=\box35
\l__coffin_aligned_internal_coffin=\box36
\l_tmpa_coffin=\box37
\l_tmpb_coffin=\box38
\g_tmpa_coffin=\box39
\g_tmpb_coffin=\box40
\l__coffin_bounding_shift_dim=\dimen124
\l__coffin_left_corner_dim=\dimen125
\l__coffin_right_corner_dim=\dimen126
\l__coffin_bottom_corner_dim=\dimen127
\l__coffin_top_corner_dim=\dimen128
\l__coffin_scaled_total_height_dim=\dimen129
\l__coffin_scaled_width_dim=\dimen130
\c__coffin_empty_coffin=\box41
\l__coffin_display_coffin=\box42
\l__coffin_display_coord_coffin=\box43
\l__coffin_display_pole_coffin=\box44
\l__coffin_display_offset_dim=\dimen131
\l__coffin_display_x_dim=\dimen132
\l__coffin_display_y_dim=\dimen133
\g__file_internal_ior=\read1
\l__seq_internal_a_int=\count160
\l__seq_internal_b_int=\count161
\c__deprecation_minus_one=\count162
)
(d:/texlive/texlive/texlive/2019/texmf-dist/tex/latex/l3kernel/l3xdvipdfmx.def
File: l3xdvipdfmx.def 2019-04-06 v L3 Experimental driver: xdvipdfmx
\g__driver_image_int=\count163
\g__driver_pdf_object_int=\count164
))
Document Class: ctexart 2019/04/07 v2.4.15 Chinese adapter for class article (C
TEX)

(d:/texlive/texlive/texlive/2019/texmf-dist/tex/latex/l3packages/xparse/xparse.
sty
Package: xparse 2019-03-05 L3 Experimental document command parser
\l__xparse_current_arg_int=\count165
\g__xparse_grabber_int=\count166
\l__xparse_m_args_int=\count167
\l__xparse_v_nesting_int=\count168
)
(d:/texlive/texlive/texlive/2019/texmf-dist/tex/latex/l3packages/l3keys2e/l3key
s2e.sty
Package: l3keys2e 2019-03-05 LaTeX2e option processing using LaTeX3 keys
)
(d:/texlive/texlive/texlive/2019/texmf-dist/tex/latex/ctex/ctexhook.sty
Package: ctexhook 2019/04/07 v2.4.15 Document and package hooks (CTEX)
)
(d:/texlive/texlive/texlive/2019/texmf-dist/tex/latex/ctex/ctexpatch.sty
Package: ctexpatch 2019/04/07 v2.4.15 Patching commands (CTEX)
)
(d:/texlive/texlive/texlive/2019/texmf-dist/tex/latex/base/fix-cm.sty
Package: fix-cm 2015/01/14 v1.1t fixes to LaTeX

(d:/texlive/texlive/texlive/2019/texmf-dist/tex/latex/base/ts1enc.def
File: ts1enc.def 2001/06/05 v3.0e (jk/car/fm) Standard LaTeX file
))
(d:/texlive/texlive/texlive/2019/texmf-dist/tex/latex/ms/everysel.sty
Package: everysel 2011/10/28 v1.2 EverySelectfont Package (MS)
)
\l__ctex_tmp_int=\count169
\l__ctex_tmp_box=\box45
\l__ctex_tmp_dim=\dimen134
\g__ctex_section_depth_int=\count170
\g__ctex_font_size_int=\count171

(d:/texlive/texlive/texlive/2019/texmf-dist/tex/latex/ctex/config/ctexopts.cfg
File: ctexopts.cfg 2019/04/07 v2.4.15 Option configuration file (CTEX)
) (d:/texlive/texlive/texlive/2019/texmf-dist/tex/latex/base/article.cls
Document Class: article 2018/09/03 v1.4i Standard LaTeX document class
(d:/texlive/texlive/texlive/2019/texmf-dist/tex/latex/base/size12.clo
File: size12.clo 2018/09/03 v1.4i Standard LaTeX file (size option)
)
\c@part=\count172
\c@section=\count173
\c@subsection=\count174
\c@subsubsection=\count175
\c@paragraph=\count176
\c@subparagraph=\count177
\c@figure=\count178
\c@table=\count179
\abovecaptionskip=\skip47
\belowcaptionskip=\skip48
\bibindent=\dimen135
)
(d:/texlive/texlive/texlive/2019/texmf-dist/tex/latex/ctex/engine/ctex-engine-x
etex.def
File: ctex-engine-xetex.def 2019/04/07 v2.4.15 XeLaTeX adapter (CTEX)

(d:/texlive/texlive/texlive/2019/texmf-dist/tex/xelatex/xecjk/xeCJK.sty
Package: xeCJK 2019/04/07 v3.7.2 Typesetting CJK scripts with XeLaTeX

(d:/texlive/texlive/texlive/2019/texmf-dist/tex/latex/l3packages/xtemplate/xtem
plate.sty
Package: xtemplate 2019-03-05 L3 Experimental prototype document functions
\l__xtemplate_tmp_dim=\dimen136
\l__xtemplate_tmp_int=\count180
\l__xtemplate_tmp_muskip=\muskip16
\l__xtemplate_tmp_skip=\skip49
)
\l__xeCJK_tmp_int=\count181
\l__xeCJK_tmp_box=\box46
\l__xeCJK_tmp_dim=\dimen137
\l__xeCJK_tmp_skip=\skip50
\g__xeCJK_space_factor_int=\count182
\l__xeCJK_begin_int=\count183
\l__xeCJK_end_int=\count184
\c__xeCJK_CJK_class_int=\XeTeXcharclass1
\c__xeCJK_FullLeft_class_int=\XeTeXcharclass2
\c__xeCJK_FullRight_class_int=\XeTeXcharclass3
\c__xeCJK_HalfLeft_class_int=\XeTeXcharclass4
\c__xeCJK_HalfRight_class_int=\XeTeXcharclass5
\c__xeCJK_NormalSpace_class_int=\XeTeXcharclass6
\c__xeCJK_CM_class_int=\XeTeXcharclass7
\c__xeCJK_HangulJamo_class_int=\XeTeXcharclass8
\l__xeCJK_last_skip=\skip51
\g__xeCJK_node_int=\count185
\c__xeCJK_CJK_node_dim=\dimen138
\c__xeCJK_CJK-space_node_dim=\dimen139
\c__xeCJK_default_node_dim=\dimen140
\c__xeCJK_default-space_node_dim=\dimen141
\c__xeCJK_CJK-widow_node_dim=\dimen142
\c__xeCJK_normalspace_node_dim=\dimen143
\l__xeCJK_ccglue_skip=\skip52
\l__xeCJK_ecglue_skip=\skip53
\l__xeCJK_punct_kern_skip=\skip54
\l__xeCJK_last_penalty_int=\count186
\l__xeCJK_last_bound_dim=\dimen144
\l__xeCJK_last_kern_dim=\dimen145
\l__xeCJK_widow_penalty_int=\count187

Package xtemplate Info: Declaring object type 'xeCJK/punctuation' taking 0
(xtemplate)             argument(s) on line 2352.

\l__xeCJK_fixed_punct_width_dim=\dimen146
\l__xeCJK_mixed_punct_width_dim=\dimen147
\l__xeCJK_middle_punct_width_dim=\dimen148
\l__xeCJK_fixed_margin_width_dim=\dimen149
\l__xeCJK_mixed_margin_width_dim=\dimen150
\l__xeCJK_middle_margin_width_dim=\dimen151
\l__xeCJK_bound_punct_width_dim=\dimen152
\l__xeCJK_bound_margin_width_dim=\dimen153
\l__xeCJK_margin_minimum_dim=\dimen154
\l__xeCJK_kerning_total_width_dim=\dimen155
\l__xeCJK_same_align_margin_dim=\dimen156
\l__xeCJK_different_align_margin_dim=\dimen157
\l__xeCJK_kerning_margin_width_dim=\dimen158
\l__xeCJK_kerning_margin_minimum_dim=\dimen159
\l__xeCJK_bound_dim=\dimen160
\l__xeCJK_reverse_bound_dim=\dimen161
\l__xeCJK_minimum_bound_dim=\dimen162
\l__xeCJK_kerning_margin_dim=\dimen163
\l__xeCJK_original_margin_dim=\dimen164
\g__xeCJK_family_int=\count188
\l__xeCJK_fam_int=\count189
\g__xeCJK_fam_allocation_int=\count190
\l__xeCJK_verb_case_int=\count191
\l__xeCJK_verb_exspace_skip=\skip55

(d:/texlive/texlive/texlive/2019/texmf-dist/tex/latex/fontspec/fontspec.sty
Package: fontspec 2019/03/15 v2.7c Font selection for XeLaTeX and LuaLaTeX

(d:/texlive/texlive/texlive/2019/texmf-dist/tex/latex/fontspec/fontspec-xetex.s
ty
Package: fontspec-xetex 2019/03/15 v2.7c Font selection for XeLaTeX and LuaLaTe
X
\l__fontspec_script_int=\count192
\l__fontspec_language_int=\count193
\l__fontspec_strnum_int=\count194
\l__fontspec_tmp_int=\count195
\l__fontspec_tmpa_int=\count196
\l__fontspec_tmpb_int=\count197
\l__fontspec_tmpc_int=\count198
\l__fontspec_em_int=\count199
\l__fontspec_emdef_int=\count266
\l__fontspec_strong_int=\count267
\l__fontspec_strongdef_int=\count268
\l__fontspec_tmpa_dim=\dimen165
\l__fontspec_tmpb_dim=\dimen166
\l__fontspec_tmpc_dim=\dimen167
 (d:/texlive/texlive/texlive/2019/texmf-dist/tex/latex/base/fontenc.sty
Package: fontenc 2018/08/11 v2.0j Standard LaTeX package

(d:/texlive/texlive/texlive/2019/texmf-dist/tex/latex/base/tuenc.def
File: tuenc.def 2018/08/11 v2.0j Standard LaTeX file
LaTeX Font Info:    Redeclaring font encoding TU on input line 82.
))
(d:/texlive/texlive/texlive/2019/texmf-dist/tex/latex/fontspec/fontspec.cfg)
LaTeX Info: Redefining \itshape on input line 4051.
LaTeX Info: Redefining \slshape on input line 4056.
LaTeX Info: Redefining \scshape on input line 4061.
LaTeX Info: Redefining \upshape on input line 4066.
LaTeX Info: Redefining \em on input line 4096.
LaTeX Info: Redefining \emph on input line 4121.
))
(d:/texlive/texlive/texlive/2019/texmf-dist/tex/xelatex/xecjk/xeCJK.cfg
File: xeCJK.cfg 2019/04/07 v3.7.2 Configuration file for xeCJK package
))
(d:/texlive/texlive/texlive/2019/texmf-dist/tex/xelatex/xecjk/xeCJKfntef.sty
Package: xeCJKfntef 2019/04/07 v3.7.2 xeCJK font effect

(d:/texlive/texlive/texlive/2019/texmf-dist/tex/generic/ulem/ulem.sty
\UL@box=\box47
\UL@hyphenbox=\box48
\UL@skip=\skip56
\UL@hook=\toks14
\UL@height=\dimen168
\UL@pe=\count269
\UL@pixel=\dimen169
\ULC@box=\box49
Package: ulem 2012/05/18
\ULdepth=\dimen170
)
(d:/texlive/texlive/texlive/2019/texmf-dist/tex/latex/cjk/texinput/CJKfntef.sty
Package: CJKfntef 2015/04/18 4.8.4
\CJK@fntefSkip=\skip57
\CJK@nest=\count270
\CJK@fntefDimen=\dimen171
\CJK@underdotBox=\box50
\CJK@ULbox=\box51
\CJK@underanyskip=\dimen172
)
\l__xeCJK_space_skip=\skip58
\c__xeCJK_ulem-begin_node_dim=\dimen173
\c__xeCJK_null_box=\box52
\l__xeCJK_fntef_box=\box53
\l__xeCJK_under_symbol_box=\box54
\c__xeCJK_filll_skip=\skip59
)
\ccwd=\dimen174
\l__ctex_ccglue_skip=\skip60
)
\l__ctex_ziju_dim=\dimen175
 (d:/texlive/texlive/texlive/2019/texmf-dist/tex/latex/zhnumber/zhnumber.sty
Package: zhnumber 2019/04/07 v2.7 Typesetting numbers with Chinese glyphs
\l__zhnum_scale_int=\count271

(d:/texlive/texlive/texlive/2019/texmf-dist/tex/latex/zhnumber/zhnumber-utf8.cf
g
File: zhnumber-utf8.cfg 2019/04/07 v2.7 Chinese numerals with UTF8 encoding
))
\l__ctex_heading_skip=\skip61

(d:/texlive/texlive/texlive/2019/texmf-dist/tex/latex/ctex/scheme/ctex-scheme-c
hinese-article.def
File: ctex-scheme-chinese-article.def 2019/04/07 v2.4.15 Chinese scheme for art
icle (CTEX)

(d:/texlive/texlive/texlive/2019/texmf-dist/tex/latex/ctex/config/ctex-name-utf
8.cfg
File: ctex-name-utf8.cfg 2019/04/07 v2.4.15 Caption with encoding UTF8 (CTEX)
))
(d:/texlive/texlive/texlive/2019/texmf-dist/tex/latex/ctex/fontset/ctex-fontset
-windows.def
File: ctex-fontset-windows.def 2019/04/07 v2.4.15 Windows fonts definition (CTE
X)

(d:/texlive/texlive/texlive/2019/texmf-dist/tex/latex/ctex/fontset/ctex-fontset
-windowsnew.def
File: ctex-fontset-windowsnew.def 2019/04/07 v2.4.15 Windows fonts definition f
or Vista or later version (CTEX)

Package fontspec Info: Could not resolve font "KaiTi/B" (it probably doesn't
(fontspec)             exist).


Package fontspec Info: Could not resolve font "SimHei/I" (it probably doesn't
(fontspec)             exist).


Package fontspec Info: Could not resolve font "SimSun/BI" (it probably doesn't
(fontspec)             exist).


Package fontspec Info: Font family 'SimSun(0)' created for font 'SimSun' with
(fontspec)             options
(fontspec)             [Script={CJK},BoldFont={SimHei},ItalicFont={KaiTi}].
(fontspec)              
(fontspec)              This font family consists of the following NFSS
(fontspec)             series/shapes:
(fontspec)              
(fontspec)             - 'normal' (m/n) with NFSS spec.:
(fontspec)             <->"SimSun/OT:script=hani;language=DFLT;"
(fontspec)             - 'small caps'  (m/sc) with NFSS spec.: 
(fontspec)             - 'bold' (bx/n) with NFSS spec.:
(fontspec)             <->"SimHei/OT:script=hani;language=DFLT;"
(fontspec)             - 'bold small caps'  (bx/sc) with NFSS spec.: 
(fontspec)             - 'italic' (m/it) with NFSS spec.:
(fontspec)             <->"KaiTi/OT:script=hani;language=DFLT;"
(fontspec)             - 'italic small caps'  (m/itsc) with NFSS spec.: 

)))
(d:/texlive/texlive/texlive/2019/texmf-dist/tex/latex/ctex/config/ctex.cfg
File: ctex.cfg 2019/04/07 v2.4.15 Configuration file (CTEX)
)
(d:/texlive/texlive/texlive/2019/texmf-dist/tex/latex/xcolor/xcolor.sty
Package: xcolor 2016/05/11 v2.12 LaTeX color extensions (UK)

(d:/texlive/texlive/texlive/2019/texmf-dist/tex/latex/graphics-cfg/color.cfg
File: color.cfg 2016/01/02 v1.6 sample color configuration
)
Package xcolor Info: Driver file: xetex.def on input line 225.

(d:/texlive/texlive/texlive/2019/texmf-dist/tex/latex/graphics-def/xetex.def
File: xetex.def 2017/06/24 v5.0h Graphics/color driver for xetex
)
Package xcolor Info: Model `cmy' substituted by `cmy0' on input line 1348.
Package xcolor Info: Model `RGB' extended on input line 1364.
Package xcolor Info: Model `HTML' substituted by `rgb' on input line 1366.
Package xcolor Info: Model `Hsb' substituted by `hsb' on input line 1367.
Package xcolor Info: Model `tHsb' substituted by `hsb' on input line 1368.
Package xcolor Info: Model `HSB' substituted by `hsb' on input line 1369.
Package xcolor Info: Model `Gray' substituted by `gray' on input line 1370.
Package xcolor Info: Model `wave' substituted by `hsb' on input line 1371.

(d:/texlive/texlive/texlive/2019/texmf-dist/tex/latex/graphics/dvipsnam.def
File: dvipsnam.def 2016/06/17 v3.0m Driver-dependent file (DPC,SPQR)
)
(d:/texlive/texlive/texlive/2019/texmf-dist/tex/latex/xcolor/svgnam.def
File: svgnam.def 2016/05/11 v2.12 Predefined colors according to SVG 1.1 (UK)
)
(d:/texlive/texlive/texlive/2019/texmf-dist/tex/latex/xcolor/x11nam.def
File: x11nam.def 2016/05/11 v2.12 Predefined colors according to Unix/X11 (UK)
))
(d:/texlive/texlive/texlive/2019/texmf-dist/tex/latex/tools/indentfirst.sty
Package: indentfirst 1995/11/23 v1.03 Indent first paragraph (DPC)
)
(d:/texlive/texlive/texlive/2019/texmf-dist/tex/latex/graphics/graphicx.sty
Package: graphicx 2017/06/01 v1.1a Enhanced LaTeX Graphics (DPC,SPQR)

(d:/texlive/texlive/texlive/2019/texmf-dist/tex/latex/graphics/keyval.sty
Package: keyval 2014/10/28 v1.15 key=value parser (DPC)
\KV@toks@=\toks15
)
(d:/texlive/texlive/texlive/2019/texmf-dist/tex/latex/graphics/graphics.sty
Package: graphics 2017/06/25 v1.2c Standard LaTeX Graphics (DPC,SPQR)

(d:/texlive/texlive/texlive/2019/texmf-dist/tex/latex/graphics/trig.sty
Package: trig 2016/01/03 v1.10 sin cos tan (DPC)
)
(d:/texlive/texlive/texlive/2019/texmf-dist/tex/latex/graphics-cfg/graphics.cfg
File: graphics.cfg 2016/06/04 v1.11 sample graphics configuration
)
Package graphics Info: Driver file: xetex.def on input line 99.
)
\Gin@req@height=\dimen176
\Gin@req@width=\dimen177
) (d:/texlive/texlive/texlive/2019/texmf-dist/tex/latex/picins/picins.sty
Option `picins' Version 3.0 Sep. 1992, TH Darmstadt/HRZ
\@BILD=\box55
\@TEXT=\box56
\d@breite=\dimen178
\d@hoehe=\dimen179
\d@xoff=\dimen180
\d@yoff=\dimen181
\d@shad=\dimen182
\d@dash=\dimen183
\d@boxl=\dimen184
\d@pichskip=\dimen185
\d@tmp=\dimen186
\d@tmpa=\dimen187
\d@bskip=\dimen188
\hsiz@=\dimen189
\p@getot@l=\dimen190
\c@breite=\count272
\c@hoehe=\count273
\c@xoff=\count274
\c@yoff=\count275
\c@pos=\count276
\c@shad=\count277
\c@dash=\count278
\c@boxl=\count279
\c@zeilen=\count280
\@changemode=\count281
\c@piccaption=\count282
\c@piccaptionpos=\count283
\c@picpos=\count284
\c@whole=\count285
\c@half=\count286
\c@tmp=\count287
\c@tmpa=\count288
\c@tmpb=\count289
\c@tmpc=\count290
\c@tmpd=\count291
\d@leftskip=\skip62
\ptoti=\dimen191
\ptotii=\dimen192
\env@box=\box57
\d@envdp=\dimen193
\c@hsize=\count292
\c@envdp=\count293
\d@envb=\dimen194
)
(d:/texlive/texlive/texlive/2019/texmf-dist/tex/latex/setspace/setspace.sty
Package: setspace 2011/12/19 v6.7a set line spacing
)
(d:/texlive/texlive/texlive/2019/texmf-dist/tex/latex/geometry/geometry.sty
Package: geometry 2018/04/16 v5.8 Page Geometry

(d:/texlive/texlive/texlive/2019/texmf-dist/tex/generic/oberdiek/ifpdf.sty
Package: ifpdf 2018/09/07 v3.3 Provides the ifpdf switch
)
(d:/texlive/texlive/texlive/2019/texmf-dist/tex/generic/oberdiek/ifvtex.sty
Package: ifvtex 2016/05/16 v1.6 Detect VTeX and its facilities (HO)
Package ifvtex Info: VTeX not detected.
)
(d:/texlive/texlive/texlive/2019/texmf-dist/tex/generic/ifxetex/ifxetex.sty
Package: ifxetex 2010/09/12 v0.6 Provides ifxetex conditional
)
\Gm@cnth=\count294
\Gm@cntv=\count295
\c@Gm@tempcnt=\count296
\Gm@bindingoffset=\dimen195
\Gm@wd@mp=\dimen196
\Gm@odd@mp=\dimen197
\Gm@even@mp=\dimen198
\Gm@layoutwidth=\dimen199
\Gm@layoutheight=\dimen256
\Gm@layouthoffset=\dimen257
\Gm@layoutvoffset=\dimen258
\Gm@dimlist=\toks16
)
(d:/texlive/texlive/texlive/2019/texmf-dist/tex/latex/titlesec/titlesec.sty
Package: titlesec 2016/03/21 v2.10.2 Sectioning titles
\ttl@box=\box58
\beforetitleunit=\skip63
\aftertitleunit=\skip64
\ttl@plus=\dimen259
\ttl@minus=\dimen260
\ttl@toksa=\toks17
\titlewidth=\dimen261
\titlewidthlast=\dimen262
\titlewidthfirst=\dimen263
)
(d:/texlive/texlive/texlive/2019/texmf-dist/tex/latex/fancyhdr/fancyhdr.sty
Package: fancyhdr 2019/01/31 v3.10 Extensive control of page headers and footer
s
\f@nch@headwidth=\skip65
\f@nch@O@elh=\skip66
\f@nch@O@erh=\skip67
\f@nch@O@olh=\skip68
\f@nch@O@orh=\skip69
\f@nch@O@elf=\skip70
\f@nch@O@erf=\skip71
\f@nch@O@olf=\skip72
\f@nch@O@orf=\skip73
)
(d:/texlive/texlive/texlive/2019/texmf-dist/tex/latex/lastpage/lastpage.sty
Package: lastpage 2015/03/29 v1.2m Refers to last page's name (HMM; JPG)
)
(d:/texlive/texlive/texlive/2019/texmf-dist/tex/latex/pdfpages/pdfpages.sty
Package: pdfpages 2017/10/31 v0.5l Insert pages of external PDF documents (AM)

(d:/texlive/texlive/texlive/2019/texmf-dist/tex/latex/base/ifthen.sty
Package: ifthen 2014/09/29 v1.1c Standard LaTeX ifthen package (DPC)
)
(d:/texlive/texlive/texlive/2019/texmf-dist/tex/latex/tools/calc.sty
Package: calc 2017/05/25 v4.3 Infix arithmetic (KKT,FJ)
\calc@Acount=\count297
\calc@Bcount=\count298
\calc@Adimen=\dimen264
\calc@Bdimen=\dimen265
\calc@Askip=\skip74
\calc@Bskip=\skip75
LaTeX Info: Redefining \setlength on input line 80.
LaTeX Info: Redefining \addtolength on input line 81.
\calc@Ccount=\count299
\calc@Cskip=\skip76
)
(d:/texlive/texlive/texlive/2019/texmf-dist/tex/latex/eso-pic/eso-pic.sty
Package: eso-pic 2018/04/12 v2.0h eso-pic (RN)

(d:/texlive/texlive/texlive/2019/texmf-dist/tex/generic/oberdiek/atbegshi.sty
Package: atbegshi 2016/06/09 v1.18 At begin shipout hook (HO)

(d:/texlive/texlive/texlive/2019/texmf-dist/tex/generic/oberdiek/infwarerr.sty
Package: infwarerr 2016/05/16 v1.4 Providing info/warning/error messages (HO)
) (d:/texlive/texlive/texlive/2019/texmf-dist/tex/generic/oberdiek/ltxcmds.sty
Package: ltxcmds 2016/05/16 v1.23 LaTeX kernel commands for general use (HO)
)))
\AM@pagewidth=\dimen266
\AM@pageheight=\dimen267
 (d:/texlive/texlive/texlive/2019/texmf-dist/tex/latex/pdfpages/ppxetex.def
File: ppxetex.def 2017/10/31 v0.5l Pdfpages driver for XeTeX (AM)
)
\AM@pagebox=\box59
\AM@global@opts=\toks18
\AM@toc@title=\toks19
\c@AM@survey=\count300
\AM@templatesizebox=\box60
)
(d:/texlive/texlive/texlive/2019/texmf-dist/tex/latex/pgf/frontendlayer/tikz.st
y (d:/texlive/texlive/texlive/2019/texmf-dist/tex/latex/pgf/basiclayer/pgf.sty
(d:/texlive/texlive/texlive/2019/texmf-dist/tex/latex/pgf/utilities/pgfrcs.sty
(d:/texlive/texlive/texlive/2019/texmf-dist/tex/generic/pgf/utilities/pgfutil-c
ommon.tex
\pgfutil@everybye=\toks20
\pgfutil@tempdima=\dimen268
\pgfutil@tempdimb=\dimen269

(d:/texlive/texlive/texlive/2019/texmf-dist/tex/generic/pgf/utilities/pgfutil-c
ommon-lists.tex))
(d:/texlive/texlive/texlive/2019/texmf-dist/tex/generic/pgf/utilities/pgfutil-l
atex.def
\pgfutil@abb=\box61
 (d:/texlive/texlive/texlive/2019/texmf-dist/tex/latex/ms/everyshi.sty
Package: everyshi 2001/05/15 v3.00 EveryShipout Package (MS)
))
(d:/texlive/texlive/texlive/2019/texmf-dist/tex/generic/pgf/utilities/pgfrcs.co
de.tex
(d:/texlive/texlive/texlive/2019/texmf-dist/tex/generic/pgf/pgf.revision.tex)
Package: pgfrcs 2019/02/02 v3.1.1 (3.1.1)
))
Package: pgf 2019/02/02 v3.1.1 (3.1.1)

(d:/texlive/texlive/texlive/2019/texmf-dist/tex/latex/pgf/basiclayer/pgfcore.st
y
(d:/texlive/texlive/texlive/2019/texmf-dist/tex/latex/pgf/systemlayer/pgfsys.st
y
(d:/texlive/texlive/texlive/2019/texmf-dist/tex/generic/pgf/systemlayer/pgfsys.
code.tex
Package: pgfsys 2019/02/02 v3.1.1 (3.1.1)

(d:/texlive/texlive/texlive/2019/texmf-dist/tex/generic/pgf/utilities/pgfkeys.c
ode.tex
\pgfkeys@pathtoks=\toks21
\pgfkeys@temptoks=\toks22

(d:/texlive/texlive/texlive/2019/texmf-dist/tex/generic/pgf/utilities/pgfkeysfi
ltered.code.tex
\pgfkeys@tmptoks=\toks23
))
\pgf@x=\dimen270
\pgf@y=\dimen271
\pgf@xa=\dimen272
\pgf@ya=\dimen273
\pgf@xb=\dimen274
\pgf@yb=\dimen275
\pgf@xc=\dimen276
\pgf@yc=\dimen277
\w@pgf@writea=\write3
\r@pgf@reada=\read2
\c@pgf@counta=\count301
\c@pgf@countb=\count302
\c@pgf@countc=\count303
\c@pgf@countd=\count304
\t@pgf@toka=\toks24
\t@pgf@tokb=\toks25
\t@pgf@tokc=\toks26
\pgf@sys@id@count=\count305

(d:/texlive/texlive/texlive/2019/texmf-dist/tex/generic/pgf/systemlayer/pgf.cfg
File: pgf.cfg 2019/02/02 v3.1.1 (3.1.1)
)
Driver file for pgf: pgfsys-xetex.def

(d:/texlive/texlive/texlive/2019/texmf-dist/tex/generic/pgf/systemlayer/pgfsys-
xetex.def
File: pgfsys-xetex.def 2019/02/02 v3.1.1 (3.1.1)

(d:/texlive/texlive/texlive/2019/texmf-dist/tex/generic/pgf/systemlayer/pgfsys-
dvipdfmx.def
File: pgfsys-dvipdfmx.def 2019/02/02 v3.1.1 (3.1.1)

(d:/texlive/texlive/texlive/2019/texmf-dist/tex/generic/pgf/systemlayer/pgfsys-
common-pdf.def
File: pgfsys-common-pdf.def 2019/02/02 v3.1.1 (3.1.1)
)
\pgfsys@objnum=\count306
)))
(d:/texlive/texlive/texlive/2019/texmf-dist/tex/generic/pgf/systemlayer/pgfsyss
oftpath.code.tex
File: pgfsyssoftpath.code.tex 2019/02/02 v3.1.1 (3.1.1)
\pgfsyssoftpath@smallbuffer@items=\count307
\pgfsyssoftpath@bigbuffer@items=\count308
)
(d:/texlive/texlive/texlive/2019/texmf-dist/tex/generic/pgf/systemlayer/pgfsysp
rotocol.code.tex
File: pgfsysprotocol.code.tex 2019/02/02 v3.1.1 (3.1.1)
))
(d:/texlive/texlive/texlive/2019/texmf-dist/tex/generic/pgf/basiclayer/pgfcore.
code.tex
Package: pgfcore 2019/02/02 v3.1.1 (3.1.1)

(d:/texlive/texlive/texlive/2019/texmf-dist/tex/generic/pgf/math/pgfmath.code.t
ex
(d:/texlive/texlive/texlive/2019/texmf-dist/tex/generic/pgf/math/pgfmathcalc.co
de.tex
(d:/texlive/texlive/texlive/2019/texmf-dist/tex/generic/pgf/math/pgfmathutil.co
de.tex)
(d:/texlive/texlive/texlive/2019/texmf-dist/tex/generic/pgf/math/pgfmathparser.
code.tex
\pgfmath@dimen=\dimen278
\pgfmath@count=\count309
\pgfmath@box=\box62
\pgfmath@toks=\toks27
\pgfmath@stack@operand=\toks28
\pgfmath@stack@operation=\toks29
)
(d:/texlive/texlive/texlive/2019/texmf-dist/tex/generic/pgf/math/pgfmathfunctio
ns.code.tex
(d:/texlive/texlive/texlive/2019/texmf-dist/tex/generic/pgf/math/pgfmathfunctio
ns.basic.code.tex)
(d:/texlive/texlive/texlive/2019/texmf-dist/tex/generic/pgf/math/pgfmathfunctio
ns.trigonometric.code.tex)
(d:/texlive/texlive/texlive/2019/texmf-dist/tex/generic/pgf/math/pgfmathfunctio
ns.random.code.tex)
(d:/texlive/texlive/texlive/2019/texmf-dist/tex/generic/pgf/math/pgfmathfunctio
ns.comparison.code.tex)
(d:/texlive/texlive/texlive/2019/texmf-dist/tex/generic/pgf/math/pgfmathfunctio
ns.base.code.tex)
(d:/texlive/texlive/texlive/2019/texmf-dist/tex/generic/pgf/math/pgfmathfunctio
ns.round.code.tex)
(d:/texlive/texlive/texlive/2019/texmf-dist/tex/generic/pgf/math/pgfmathfunctio
ns.misc.code.tex)
(d:/texlive/texlive/texlive/2019/texmf-dist/tex/generic/pgf/math/pgfmathfunctio
ns.integerarithmetics.code.tex)))
(d:/texlive/texlive/texlive/2019/texmf-dist/tex/generic/pgf/math/pgfmathfloat.c
ode.tex
\c@pgfmathroundto@lastzeros=\count310
))
(d:/texlive/texlive/texlive/2019/texmf-dist/tex/generic/pgf/basiclayer/pgfcorep
oints.code.tex
File: pgfcorepoints.code.tex 2019/02/02 v3.1.1 (3.1.1)
\pgf@picminx=\dimen279
\pgf@picmaxx=\dimen280
\pgf@picminy=\dimen281
\pgf@picmaxy=\dimen282
\pgf@pathminx=\dimen283
\pgf@pathmaxx=\dimen284
\pgf@pathminy=\dimen285
\pgf@pathmaxy=\dimen286
\pgf@xx=\dimen287
\pgf@xy=\dimen288
\pgf@yx=\dimen289
\pgf@yy=\dimen290
\pgf@zx=\dimen291
\pgf@zy=\dimen292
)
(d:/texlive/texlive/texlive/2019/texmf-dist/tex/generic/pgf/basiclayer/pgfcorep
athconstruct.code.tex
File: pgfcorepathconstruct.code.tex 2019/02/02 v3.1.1 (3.1.1)
\pgf@path@lastx=\dimen293
\pgf@path@lasty=\dimen294
)
(d:/texlive/texlive/texlive/2019/texmf-dist/tex/generic/pgf/basiclayer/pgfcorep
athusage.code.tex
File: pgfcorepathusage.code.tex 2019/02/02 v3.1.1 (3.1.1)
\pgf@shorten@end@additional=\dimen295
\pgf@shorten@start@additional=\dimen296
)
(d:/texlive/texlive/texlive/2019/texmf-dist/tex/generic/pgf/basiclayer/pgfcores
copes.code.tex
File: pgfcorescopes.code.tex 2019/02/02 v3.1.1 (3.1.1)
\pgfpic=\box63
\pgf@hbox=\box64
\pgf@layerbox@main=\box65
\pgf@picture@serial@count=\count311
)
(d:/texlive/texlive/texlive/2019/texmf-dist/tex/generic/pgf/basiclayer/pgfcoreg
raphicstate.code.tex
File: pgfcoregraphicstate.code.tex 2019/02/02 v3.1.1 (3.1.1)
\pgflinewidth=\dimen297
)
(d:/texlive/texlive/texlive/2019/texmf-dist/tex/generic/pgf/basiclayer/pgfcoret
ransformations.code.tex
File: pgfcoretransformations.code.tex 2019/02/02 v3.1.1 (3.1.1)
\pgf@pt@x=\dimen298
\pgf@pt@y=\dimen299
\pgf@pt@temp=\dimen300
)
(d:/texlive/texlive/texlive/2019/texmf-dist/tex/generic/pgf/basiclayer/pgfcoreq
uick.code.tex
File: pgfcorequick.code.tex 2019/02/02 v3.1.1 (3.1.1)
)
(d:/texlive/texlive/texlive/2019/texmf-dist/tex/generic/pgf/basiclayer/pgfcoreo
bjects.code.tex
File: pgfcoreobjects.code.tex 2019/02/02 v3.1.1 (3.1.1)
)
(d:/texlive/texlive/texlive/2019/texmf-dist/tex/generic/pgf/basiclayer/pgfcorep
athprocessing.code.tex
File: pgfcorepathprocessing.code.tex 2019/02/02 v3.1.1 (3.1.1)
)
(d:/texlive/texlive/texlive/2019/texmf-dist/tex/generic/pgf/basiclayer/pgfcorea
rrows.code.tex
File: pgfcorearrows.code.tex 2019/02/02 v3.1.1 (3.1.1)
\pgfarrowsep=\dimen301
)
(d:/texlive/texlive/texlive/2019/texmf-dist/tex/generic/pgf/basiclayer/pgfcores
hade.code.tex
File: pgfcoreshade.code.tex 2019/02/02 v3.1.1 (3.1.1)
\pgf@max=\dimen302
\pgf@sys@shading@range@num=\count312
)
(d:/texlive/texlive/texlive/2019/texmf-dist/tex/generic/pgf/basiclayer/pgfcorei
mage.code.tex
File: pgfcoreimage.code.tex 2019/02/02 v3.1.1 (3.1.1)

(d:/texlive/texlive/texlive/2019/texmf-dist/tex/generic/pgf/basiclayer/pgfcoree
xternal.code.tex
File: pgfcoreexternal.code.tex 2019/02/02 v3.1.1 (3.1.1)
\pgfexternal@startupbox=\box66
))
(d:/texlive/texlive/texlive/2019/texmf-dist/tex/generic/pgf/basiclayer/pgfcorel
ayers.code.tex
File: pgfcorelayers.code.tex 2019/02/02 v3.1.1 (3.1.1)
)
(d:/texlive/texlive/texlive/2019/texmf-dist/tex/generic/pgf/basiclayer/pgfcoret
ransparency.code.tex
File: pgfcoretransparency.code.tex 2019/02/02 v3.1.1 (3.1.1)
)
(d:/texlive/texlive/texlive/2019/texmf-dist/tex/generic/pgf/basiclayer/pgfcorep
atterns.code.tex
File: pgfcorepatterns.code.tex 2019/02/02 v3.1.1 (3.1.1)
)
(d:/texlive/texlive/texlive/2019/texmf-dist/tex/generic/pgf/basiclayer/pgfcorer
df.code.tex
File: pgfcorerdf.code.tex 2019/02/02 v3.1.1 (3.1.1)
)))
(d:/texlive/texlive/texlive/2019/texmf-dist/tex/generic/pgf/modules/pgfmodulesh
apes.code.tex
File: pgfmoduleshapes.code.tex 2019/02/02 v3.1.1 (3.1.1)
\pgfnodeparttextbox=\box67
)
(d:/texlive/texlive/texlive/2019/texmf-dist/tex/generic/pgf/modules/pgfmodulepl
ot.code.tex
File: pgfmoduleplot.code.tex 2019/02/02 v3.1.1 (3.1.1)
)
(d:/texlive/texlive/texlive/2019/texmf-dist/tex/latex/pgf/compatibility/pgfcomp
-version-0-65.sty
Package: pgfcomp-version-0-65 2019/02/02 v3.1.1 (3.1.1)
\pgf@nodesepstart=\dimen303
\pgf@nodesepend=\dimen304
)
(d:/texlive/texlive/texlive/2019/texmf-dist/tex/latex/pgf/compatibility/pgfcomp
-version-1-18.sty
Package: pgfcomp-version-1-18 2019/02/02 v3.1.1 (3.1.1)
))
(d:/texlive/texlive/texlive/2019/texmf-dist/tex/latex/pgf/utilities/pgffor.sty
(d:/texlive/texlive/texlive/2019/texmf-dist/tex/latex/pgf/utilities/pgfkeys.sty

(d:/texlive/texlive/texlive/2019/texmf-dist/tex/generic/pgf/utilities/pgfkeys.c
ode.tex))
(d:/texlive/texlive/texlive/2019/texmf-dist/tex/latex/pgf/math/pgfmath.sty
(d:/texlive/texlive/texlive/2019/texmf-dist/tex/generic/pgf/math/pgfmath.code.t
ex))
(d:/texlive/texlive/texlive/2019/texmf-dist/tex/generic/pgf/utilities/pgffor.co
de.tex
Package: pgffor 2019/02/02 v3.1.1 (3.1.1)

(d:/texlive/texlive/texlive/2019/texmf-dist/tex/generic/pgf/math/pgfmath.code.t
ex)
\pgffor@iter=\dimen305
\pgffor@skip=\dimen306
\pgffor@stack=\toks30
\pgffor@toks=\toks31
))
(d:/texlive/texlive/texlive/2019/texmf-dist/tex/generic/pgf/frontendlayer/tikz/
tikz.code.tex
Package: tikz 2019/02/02 v3.1.1 (3.1.1)

(d:/texlive/texlive/texlive/2019/texmf-dist/tex/generic/pgf/libraries/pgflibrar
yplothandlers.code.tex
File: pgflibraryplothandlers.code.tex 2019/02/02 v3.1.1 (3.1.1)
\pgf@plot@mark@count=\count313
\pgfplotmarksize=\dimen307
)
\tikz@lastx=\dimen308
\tikz@lasty=\dimen309
\tikz@lastxsaved=\dimen310
\tikz@lastysaved=\dimen311
\tikzleveldistance=\dimen312
\tikzsiblingdistance=\dimen313
\tikz@figbox=\box68
\tikz@figbox@bg=\box69
\tikz@tempbox=\box70
\tikz@tempbox@bg=\box71
\tikztreelevel=\count314
\tikznumberofchildren=\count315
\tikznumberofcurrentchild=\count316
\tikz@fig@count=\count317

(d:/texlive/texlive/texlive/2019/texmf-dist/tex/generic/pgf/modules/pgfmodulema
trix.code.tex
File: pgfmodulematrix.code.tex 2019/02/02 v3.1.1 (3.1.1)
\pgfmatrixcurrentrow=\count318
\pgfmatrixcurrentcolumn=\count319
\pgf@matrix@numberofcolumns=\count320
)
\tikz@expandcount=\count321

(d:/texlive/texlive/texlive/2019/texmf-dist/tex/generic/pgf/frontendlayer/tikz/
libraries/tikzlibrarytopaths.code.tex
File: tikzlibrarytopaths.code.tex 2019/02/02 v3.1.1 (3.1.1)
)))
(d:/texlive/texlive/texlive/2019/texmf-dist/tex/latex/amsmath/amsmath.sty
Package: amsmath 2018/12/01 v2.17b AMS math features
\@mathmargin=\skip77

For additional information on amsmath, use the `?' option.
(d:/texlive/texlive/texlive/2019/texmf-dist/tex/latex/amsmath/amstext.sty
Package: amstext 2000/06/29 v2.01 AMS text

(d:/texlive/texlive/texlive/2019/texmf-dist/tex/latex/amsmath/amsgen.sty
File: amsgen.sty 1999/11/30 v2.0 generic functions
\@emptytoks=\toks32
\ex@=\dimen314
))
(d:/texlive/texlive/texlive/2019/texmf-dist/tex/latex/amsmath/amsbsy.sty
Package: amsbsy 1999/11/29 v1.2d Bold Symbols
\pmbraise@=\dimen315
)
(d:/texlive/texlive/texlive/2019/texmf-dist/tex/latex/amsmath/amsopn.sty
Package: amsopn 2016/03/08 v2.02 operator names
)
\inf@bad=\count322
LaTeX Info: Redefining \frac on input line 223.
\uproot@=\count323
\leftroot@=\count324
LaTeX Info: Redefining \overline on input line 385.
\classnum@=\count325
\DOTSCASE@=\count326
LaTeX Info: Redefining \ldots on input line 482.
LaTeX Info: Redefining \dots on input line 485.
LaTeX Info: Redefining \cdots on input line 606.
\Mathstrutbox@=\box72
\strutbox@=\box73
\big@size=\dimen316
LaTeX Font Info:    Redeclaring font encoding OML on input line 729.
LaTeX Font Info:    Redeclaring font encoding OMS on input line 730.
\macc@depth=\count327
\c@MaxMatrixCols=\count328
\dotsspace@=\muskip17
\c@parentequation=\count329
\dspbrk@lvl=\count330
\tag@help=\toks33
\row@=\count331
\column@=\count332
\maxfields@=\count333
\andhelp@=\toks34
\eqnshift@=\dimen317
\alignsep@=\dimen318
\tagshift@=\dimen319
\tagwidth@=\dimen320
\totwidth@=\dimen321
\lineht@=\dimen322
\@envbody=\toks35
\multlinegap=\skip78
\multlinetaggap=\skip79
\mathdisplay@stack=\toks36
LaTeX Info: Redefining \[ on input line 2844.
LaTeX Info: Redefining \] on input line 2845.
)
(d:/texlive/texlive/texlive/2019/texmf-dist/tex/latex/float/float.sty
Package: float 2001/11/08 v1.3d Float enhancements (AL)
\c@float@type=\count334
\float@exts=\toks37
\float@box=\box74
\@float@everytoks=\toks38
\@floatcapt=\box75
)
(./document.aux)
\openout1 = `document.aux'.

LaTeX Font Info:    Checking defaults for OML/cmm/m/it on input line 39.
LaTeX Font Info:    ... okay on input line 39.
LaTeX Font Info:    Checking defaults for T1/cmr/m/n on input line 39.
LaTeX Font Info:    ... okay on input line 39.
LaTeX Font Info:    Checking defaults for OT1/cmr/m/n on input line 39.
LaTeX Font Info:    ... okay on input line 39.
LaTeX Font Info:    Checking defaults for OMS/cmsy/m/n on input line 39.
LaTeX Font Info:    ... okay on input line 39.
LaTeX Font Info:    Checking defaults for TU/lmr/m/n on input line 39.
LaTeX Font Info:    ... okay on input line 39.
LaTeX Font Info:    Checking defaults for OMX/cmex/m/n on input line 39.
LaTeX Font Info:    ... okay on input line 39.
LaTeX Font Info:    Checking defaults for U/cmr/m/n on input line 39.
LaTeX Font Info:    ... okay on input line 39.
LaTeX Font Info:    Checking defaults for TS1/cmr/m/n on input line 39.
LaTeX Font Info:    ... okay on input line 39.
 ABD: EverySelectfont initializing macros
LaTeX Info: Redefining \selectfont on input line 39.

Package fontspec Info: Adjusting the maths setup (use [no-math] to avoid
(fontspec)             this).

\symlegacymaths=\mathgroup4
LaTeX Font Info:    Overwriting symbol font `legacymaths' in version `bold'
(Font)                  OT1/cmr/m/n --> OT1/cmr/bx/n on input line 39.
LaTeX Font Info:    Redeclaring math accent \acute on input line 39.
LaTeX Font Info:    Redeclaring math accent \grave on input line 39.
LaTeX Font Info:    Redeclaring math accent \ddot on input line 39.
LaTeX Font Info:    Redeclaring math accent \tilde on input line 39.
LaTeX Font Info:    Redeclaring math accent \bar on input line 39.
LaTeX Font Info:    Redeclaring math accent \breve on input line 39.
LaTeX Font Info:    Redeclaring math accent \check on input line 39.
LaTeX Font Info:    Redeclaring math accent \hat on input line 39.
LaTeX Font Info:    Redeclaring math accent \dot on input line 39.
LaTeX Font Info:    Redeclaring math accent \mathring on input line 39.
LaTeX Font Info:    Redeclaring math symbol \Gamma on input line 39.
LaTeX Font Info:    Redeclaring math symbol \Delta on input line 39.
LaTeX Font Info:    Redeclaring math symbol \Theta on input line 39.
LaTeX Font Info:    Redeclaring math symbol \Lambda on input line 39.
LaTeX Font Info:    Redeclaring math symbol \Xi on input line 39.
LaTeX Font Info:    Redeclaring math symbol \Pi on input line 39.
LaTeX Font Info:    Redeclaring math symbol \Sigma on input line 39.
LaTeX Font Info:    Redeclaring math symbol \Upsilon on input line 39.
LaTeX Font Info:    Redeclaring math symbol \Phi on input line 39.
LaTeX Font Info:    Redeclaring math symbol \Psi on input line 39.
LaTeX Font Info:    Redeclaring math symbol \Omega on input line 39.
LaTeX Font Info:    Redeclaring math symbol \mathdollar on input line 39.
LaTeX Font Info:    Redeclaring symbol font `operators' on input line 39.
LaTeX Font Info:    Encoding `OT1' has changed to `TU' for symbol font
(Font)              `operators' in the math version `normal' on input line 39.
LaTeX Font Info:    Overwriting symbol font `operators' in version `normal'
(Font)                  OT1/cmr/m/n --> TU/lmr/m/n on input line 39.
LaTeX Font Info:    Encoding `OT1' has changed to `TU' for symbol font
(Font)              `operators' in the math version `bold' on input line 39.
LaTeX Font Info:    Overwriting symbol font `operators' in version `bold'
(Font)                  OT1/cmr/bx/n --> TU/lmr/m/n on input line 39.
LaTeX Font Info:    Overwriting symbol font `operators' in version `normal'
(Font)                  TU/lmr/m/n --> TU/lmr/m/n on input line 39.
LaTeX Font Info:    Overwriting math alphabet `\mathit' in version `normal'
(Font)                  OT1/cmr/m/it --> TU/lmr/m/it on input line 39.
LaTeX Font Info:    Overwriting math alphabet `\mathbf' in version `normal'
(Font)                  OT1/cmr/bx/n --> TU/lmr/bx/n on input line 39.
LaTeX Font Info:    Overwriting math alphabet `\mathsf' in version `normal'
(Font)                  OT1/cmss/m/n --> TU/lmss/m/n on input line 39.
LaTeX Font Info:    Overwriting math alphabet `\mathtt' in version `normal'
(Font)                  OT1/cmtt/m/n --> TU/lmtt/m/n on input line 39.
LaTeX Font Info:    Overwriting symbol font `operators' in version `bold'
(Font)                  TU/lmr/m/n --> TU/lmr/bx/n on input line 39.
LaTeX Font Info:    Overwriting math alphabet `\mathit' in version `bold'
(Font)                  OT1/cmr/bx/it --> TU/lmr/bx/it on input line 39.
LaTeX Font Info:    Overwriting math alphabet `\mathsf' in version `bold'
(Font)                  OT1/cmss/bx/n --> TU/lmss/bx/n on input line 39.
LaTeX Font Info:    Overwriting math alphabet `\mathtt' in version `bold'
(Font)                  OT1/cmtt/m/n --> TU/lmtt/bx/n on input line 39.

*geometry* driver: auto-detecting
*geometry* detected driver: xetex
*geometry* verbose mode - [ preamble ] result:
* driver: xetex
* paper: <default>
* layout: <same size as paper>
* layoutoffset:(h,v)=(0.0pt,0.0pt)
* modes: 
* h-part:(L,W,R)=(85.35826pt, 443.57848pt, 85.35826pt)
* v-part:(T,H,B)=(71.13188pt, 624.25346pt, 99.58464pt)
* \paperwidth=614.295pt
* \paperheight=794.96999pt
* \textwidth=443.57848pt
* \textheight=624.25346pt
* \oddsidemargin=13.08827pt
* \evensidemargin=13.08827pt
* \topmargin=-38.1381pt
* \headheight=12.0pt
* \headsep=25.0pt
* \topskip=12.0pt
* \footskip=30.0pt
* \marginparwidth=44.0pt
* \marginparsep=10.0pt
* \columnsep=10.0pt
* \skip\footins=10.8pt plus 4.0pt minus 2.0pt
* \hoffset=0.0pt
* \voffset=0.0pt
* \mag=1000
* \@twocolumnfalse
* \@twosidefalse
* \@mparswitchfalse
* \@reversemarginfalse
* (1in=72.27pt=25.4mm, 1cm=28.453pt)

Package lastpage Info: Please have a look at the pageslts package at
(lastpage)             https://www.ctan.org/pkg/pageslts
(lastpage)             ! on input line 39.
\AtBeginShipoutBox=\box76
(d:/texlive/texlive/texlive/2019/texmf-dist/tex/latex/oberdiek/pdflscape.sty
Package: pdflscape 2016/05/14 v0.11 Display of landscape pages in PDF (HO)

(d:/texlive/texlive/texlive/2019/texmf-dist/tex/latex/graphics/lscape.sty
Package: lscape 2000/10/22 v3.01 Landscape Pages (DPC)
)
Package pdflscape Info: Auto-detected driver: dvipdfm (xetex) on input line 99.

)
ABD: EveryShipout initializing macros
File: figure.pdf Graphic file (type pdf)
<use figure.pdf>
File: figure.pdf Graphic file (type pdf)
<use figure.pdf>
File: figure.pdf Graphic file (type pdf)
<use figure.pdf, page 1>
File: figure.pdf Graphic file (type pdf)
<use figure.pdf, page 1>
File: figure.pdf Graphic file (type pdf)
<use figure.pdf, page 1>
File: figure.pdf Graphic file (type pdf)
<use figure.pdf, page 1>
File: figure.pdf Graphic file (type pdf)
<use figure.pdf, page 1>
 [1

]
File: commitment.pdf Graphic file (type pdf)
<use commitment.pdf>
File: commitment.pdf Graphic file (type pdf)
<use commitment.pdf>
File: commitment.pdf Graphic file (type pdf)
<use commitment.pdf, page 1>
File: commitment.pdf Graphic file (type pdf)
<use commitment.pdf, page 1>
File: commitment.pdf Graphic file (type pdf)
<use commitment.pdf, page 1>
File: commitment.pdf Graphic file (type pdf)
<use commitment.pdf, page 1>
File: commitment.pdf Graphic file (type pdf)
<use commitment.pdf, page 1>
 [2] (./document.toc
LaTeX Font Info:    Font shape `TU/SimSun(0)/m/sl' in size <12> not available
(Font)              Font shape `TU/SimSun(0)/m/it' tried instead on input line 
21.
 [3] [4] [5]
[6] [7] [8] [9])
\tf@toc=\write4
\openout4 = `document.toc'.

 [10]
File: fig/yemei.jpg Graphic file (type bmp)
<fig/yemei.jpg>


Package Fancyhdr Warning: \headheight is too small (12.0pt): 
Make it at least 34.15405pt.
We now make it that large for the rest of the document.
This may cause the page layout to be inconsistent, however.

[11]
File: fig/yemei.jpg Graphic file (type bmp)
<fig/yemei.jpg>
 [12]
File: fig/yemei.jpg Graphic file (type bmp)
<fig/yemei.jpg>
 [13]
File: fig/yemei.jpg Graphic file (type bmp)
<fig/yemei.jpg>
 [14]
File: fig/yemei.jpg Graphic file (type bmp)
<fig/yemei.jpg>
 [15]
File: fig/1.png Graphic file (type bmp)
<fig/1.png>
File: fig/yemei.jpg Graphic file (type bmp)
<fig/yemei.jpg>
 [16]
File: fig/yemei.jpg Graphic file (type bmp)
<fig/yemei.jpg>
 [17]
File: fig/yemei.jpg Graphic file (type bmp)
<fig/yemei.jpg>
 [18]
File: fig/2.png Graphic file (type bmp)
<fig/2.png>
File: fig/pingtaijiagou.jpg Graphic file (type bmp)
<fig/pingtaijiagou.jpg>
File: fig/yemei.jpg Graphic file (type bmp)
<fig/yemei.jpg>
 [19]
File: fig/yemei.jpg Graphic file (type bmp)
<fig/yemei.jpg>
 [20]
File: fig/yemei.jpg Graphic file (type bmp)
<fig/yemei.jpg>
 [21]
File: fig/yemei.jpg Graphic file (type bmp)
<fig/yemei.jpg>
 [22]
File: fig/5.png Graphic file (type bmp)
<fig/5.png>
File: fig/yemei.jpg Graphic file (type bmp)
<fig/yemei.jpg>
 [23]
File: fig/3.png Graphic file (type bmp)
<fig/3.png>
File: fig/yemei.jpg Graphic file (type bmp)
<fig/yemei.jpg>
 [24]
File: fig/yemei.jpg Graphic file (type bmp)
<fig/yemei.jpg>
 [25]
File: fig/6.png Graphic file (type bmp)
<fig/6.png>
File: fig/yemei.jpg Graphic file (type bmp)
<fig/yemei.jpg>

[26]
File: fig/4.png Graphic file (type bmp)
<fig/4.png>
File: fig/yemei.jpg Graphic file (type bmp)
<fig/yemei.jpg>
 [27]
File: fig/yemei.jpg Graphic file (type bmp)
<fig/yemei.jpg>
 [28]
File: fig/yemei.jpg Graphic file (type bmp)
<fig/yemei.jpg>
 [29]
File: fig/yemei.jpg Graphic file (type bmp)
<fig/yemei.jpg>
 [30]
File: fig/7.png Graphic file (type bmp)
<fig/7.png>
File: fig/8.png Graphic file (type bmp)
<fig/8.png>
File: fig/yemei.jpg Graphic file (type bmp)
<fig/yemei.jpg>
 [31]
File: fig/yemei.jpg Graphic file (type bmp)
<fig/yemei.jpg>
 [32]
File: fig/yemei.jpg Graphic file (type bmp)
<fig/yemei.jpg>
 [33]
File: fig/yemei.jpg Graphic file (type bmp)
<fig/yemei.jpg>
 [34]
File: fig/botewuli.jpg Graphic file (type bmp)
<fig/botewuli.jpg>
File: fig/yemei.jpg Graphic file (type bmp)
<fig/yemei.jpg>
 [35]
File: fig/yemei.jpg Graphic file (type bmp)
<fig/yemei.jpg>
 [36]
File: fig/yemei.jpg Graphic file (type bmp)
<fig/yemei.jpg>
 [37]
File: fig/yemei.jpg Graphic file (type bmp)
<fig/yemei.jpg>
 [38]
File: fig/yemei.jpg Graphic file (type bmp)
<fig/yemei.jpg>
 [39]
File: fig/18.png Graphic file (type bmp)
<fig/18.png>
File: fig/yemei.jpg Graphic file (type bmp)
<fig/yemei.jpg>
 [40]
File: fig/19.png Graphic file (type bmp)
<fig/19.png>
File: fig/yemei.jpg Graphic file (type bmp)
<fig/yemei.jpg>

[41]
File: fig/Diet.png Graphic file (type bmp)
<fig/Diet.png>
File: fig/yemei.jpg Graphic file (type bmp)
<fig/yemei.jpg>
 [42]
File: fig/yemei.jpg Graphic file (type bmp)
<fig/yemei.jpg>
 [43]
File: fig/yemei.jpg Graphic file (type bmp)
<fig/yemei.jpg>
 [44]
File: fig/yemei.jpg Graphic file (type bmp)
<fig/yemei.jpg>
 [45]
File: fig/yemei.jpg Graphic file (type bmp)
<fig/yemei.jpg>
 [46]
File: fig/yemei.jpg Graphic file (type bmp)
<fig/yemei.jpg>
 [47]
File: fig/yemei.jpg Graphic file (type bmp)
<fig/yemei.jpg>
 [48]
File: fig/yemei.jpg Graphic file (type bmp)
<fig/yemei.jpg>
 [49]
File: fig/yemei.jpg Graphic file (type bmp)
<fig/yemei.jpg>
 [50]
File: fig/yemei.jpg Graphic file (type bmp)
<fig/yemei.jpg>
 [51]
File: fig/yemei.jpg Graphic file (type bmp)
<fig/yemei.jpg>
 [52]
File: fig/Diet.png Graphic file (type bmp)
<fig/Diet.png>
File: fig/yemei.jpg Graphic file (type bmp)
<fig/yemei.jpg>
 [53]
File: fig/yemei.jpg Graphic file (type bmp)
<fig/yemei.jpg>
 [54]
File: fig/!14.jpg Graphic file (type bmp)
<fig/!14.jpg>
File: fig/yemei.jpg Graphic file (type bmp)
<fig/yemei.jpg>
 [55]
File: fig/31.png Graphic file (type bmp)
<fig/31.png>
File: fig/yemei.jpg Graphic file (type bmp)
<fig/yemei.jpg>

[56]
File: fig/!1.jpg Graphic file (type bmp)
<fig/!1.jpg>
File: fig/yemei.jpg Graphic file (type bmp)
<fig/yemei.jpg>
 [57]
File: fig/34.png Graphic file (type bmp)
<fig/34.png>
File: fig/yemei.jpg Graphic file (type bmp)
<fig/yemei.jpg>
 [58]
File: fig/!15.jpg Graphic file (type bmp)
<fig/!15.jpg>
File: fig/yemei.jpg Graphic file (type bmp)
<fig/yemei.jpg>
 [59]
File: fig/!16.jpg Graphic file (type bmp)
<fig/!16.jpg>
File: fig/yemei.jpg Graphic file (type bmp)
<fig/yemei.jpg>
 [60]
File: fig/yemei.jpg Graphic file (type bmp)
<fig/yemei.jpg>
 [61]
File: fig/!17.jpg Graphic file (type bmp)
<fig/!17.jpg>
File: fig/yemei.jpg Graphic file (type bmp)
<fig/yemei.jpg>
 [62]
File: fig/!4.jpg Graphic file (type bmp)
<fig/!4.jpg>
File: fig/yemei.jpg Graphic file (type bmp)
<fig/yemei.jpg>
 [63]
File: fig/yemei.jpg Graphic file (type bmp)
<fig/yemei.jpg>
 [64]
File: fig/!13.jpg Graphic file (type bmp)
<fig/!13.jpg>
File: fig/yemei.jpg Graphic file (type bmp)
<fig/yemei.jpg>
 [65]
File: fig/!3.jpg Graphic file (type bmp)
<fig/!3.jpg>
File: fig/yemei.jpg Graphic file (type bmp)
<fig/yemei.jpg>
 [66]
File: fig/40.png Graphic file (type bmp)
<fig/40.png>
File: fig/yemei.jpg Graphic file (type bmp)
<fig/yemei.jpg>
 [67]
File: fig/41.png Graphic file (type bmp)
<fig/41.png>
File: fig/yemei.jpg Graphic file (type bmp)
<fig/yemei.jpg>
 [68]
File: fig/yemei.jpg Graphic file (type bmp)
<fig/yemei.jpg>
 [69]
File: fig/yemei.jpg Graphic file (type bmp)
<fig/yemei.jpg>
 [70]
File: fig/!5.jpg Graphic file (type bmp)
<fig/!5.jpg>
File: fig/!10.jpg Graphic file (type bmp)
<fig/!10.jpg>
File: fig/yemei.jpg Graphic file (type bmp)
<fig/yemei.jpg>

[71]
File: fig/yemei.jpg Graphic file (type bmp)
<fig/yemei.jpg>
 [72]
File: fig/yemei.jpg Graphic file (type bmp)
<fig/yemei.jpg>
 [73]
File: fig/!11.jpg Graphic file (type bmp)
<fig/!11.jpg>
File: fig/yemei.jpg Graphic file (type bmp)
<fig/yemei.jpg>
 [74]
File: fig/!7.jpg Graphic file (type bmp)
<fig/!7.jpg>
File: fig/yemei.jpg Graphic file (type bmp)
<fig/yemei.jpg>
 [75]
File: fig/yemei.jpg Graphic file (type bmp)
<fig/yemei.jpg>
 [76]
File: fig/!8.jpg Graphic file (type bmp)
<fig/!8.jpg>
File: fig/yemei.jpg Graphic file (type bmp)
<fig/yemei.jpg>
 [77]
File: fig/!12.jpg Graphic file (type bmp)
<fig/!12.jpg>
File: fig/yemei.jpg Graphic file (type bmp)
<fig/yemei.jpg>
 [78]
File: fig/!9.jpg Graphic file (type bmp)
<fig/!9.jpg>
File: fig/logo.png Graphic file (type bmp)
<fig/logo.png>
File: fig/yemei.jpg Graphic file (type bmp)
<fig/yemei.jpg>
 [79]
File: fig/yemei.jpg Graphic file (type bmp)
<fig/yemei.jpg>
 [80]
File: fig/yemei.jpg Graphic file (type bmp)
<fig/yemei.jpg>
 [81]
File: fig/yemei.jpg Graphic file (type bmp)
<fig/yemei.jpg>
 [82]
File: fig/yemei.jpg Graphic file (type bmp)
<fig/yemei.jpg>
 [83]
File: fig/9.png Graphic file (type bmp)
<fig/9.png>
File: fig/shangyehuabu.png Graphic file (type bmp)
<fig/shangyehuabu.png>
File: fig/yemei.jpg Graphic file (type bmp)
<fig/yemei.jpg>
 [84]
File: fig/yonghu-chaoshi.png Graphic file (type bmp)
<fig/yonghu-chaoshi.png>
File: fig/yemei.jpg Graphic file (type bmp)
<fig/yemei.jpg>
 [85]
File: fig/yemei.jpg Graphic file (type bmp)
<fig/yemei.jpg>

[86]
File: fig/yemei.jpg Graphic file (type bmp)
<fig/yemei.jpg>
 [87]
File: fig/yemei.jpg Graphic file (type bmp)
<fig/yemei.jpg>
 [88]
File: fig/yemei.jpg Graphic file (type bmp)
<fig/yemei.jpg>
 [89]
File: fig/yemei.jpg Graphic file (type bmp)
<fig/yemei.jpg>
 [90]
File: fig/yemei.jpg Graphic file (type bmp)
<fig/yemei.jpg>
 [91]
File: fig/10.png Graphic file (type bmp)
<fig/10.png>
File: fig/11.png Graphic file (type bmp)
<fig/11.png>
File: fig/yemei.jpg Graphic file (type bmp)
<fig/yemei.jpg>
 [92]
File: fig/12.png Graphic file (type bmp)
<fig/12.png>
File: fig/13.png Graphic file (type bmp)
<fig/13.png>
File: fig/14.png Graphic file (type bmp)
<fig/14.png>
File: fig/yemei.jpg Graphic file (type bmp)
<fig/yemei.jpg>
 [93]
File: fig/15.png Graphic file (type bmp)
<fig/15.png>
File: fig/16.png Graphic file (type bmp)
<fig/16.png>
File: fig/17.png Graphic file (type bmp)
<fig/17.png>
File: fig/yemei.jpg Graphic file (type bmp)
<fig/yemei.jpg>
 [94]
File: fig/yemei.jpg Graphic file (type bmp)
<fig/yemei.jpg>
 [95]
File: fig/yemei.jpg Graphic file (type bmp)
<fig/yemei.jpg>
 [96]
File: fig/yemei.jpg Graphic file (type bmp)
<fig/yemei.jpg>
 [97]
File: fig/yemei.jpg Graphic file (type bmp)
<fig/yemei.jpg>
 [98]
File: fig/yemei.jpg Graphic file (type bmp)
<fig/yemei.jpg>
 [99]
File: fig/21.png Graphic file (type bmp)
<fig/21.png>
Missing character: There is no  in font [lmroman12-regular]:mapping=tex-text;!
File: fig/yemei.jpg Graphic file (type bmp)
<fig/yemei.jpg>
 [100]
Missing character: There is no  in font [lmroman12-regular]:mapping=tex-text;!
Missing character: There is no  in font [lmroman12-regular]:mapping=tex-text;!
Missing character: There is no  in font [lmroman12-regular]:mapping=tex-text;!
File: fig/22.jpg Graphic file (type bmp)
<fig/22.jpg>
File: fig/yemei.jpg Graphic file (type bmp)
<fig/yemei.jpg>

[101]
File: fig/yemei.jpg Graphic file (type bmp)
<fig/yemei.jpg>
 [102]
File: fig/yemei.jpg Graphic file (type bmp)
<fig/yemei.jpg>
 [103]
File: fig/yemei.jpg Graphic file (type bmp)
<fig/yemei.jpg>
 [104]
File: fig/IP.jpg Graphic file (type bmp)
<fig/IP.jpg>
File: fig/yemei.jpg Graphic file (type bmp)
<fig/yemei.jpg>
 [105]
File: fig/yemei.jpg Graphic file (type bmp)
<fig/yemei.jpg>
 [106]
File: fig/yemei.jpg Graphic file (type bmp)
<fig/yemei.jpg>
 [107]
File: fig/yemei.jpg Graphic file (type bmp)
<fig/yemei.jpg>
 [108]
File: fig/24.png Graphic file (type bmp)
<fig/24.png>
File: fig/23.png Graphic file (type bmp)
<fig/23.png>
File: fig/yemei.jpg Graphic file (type bmp)
<fig/yemei.jpg>
 [109]
File: fig/yemei.jpg Graphic file (type bmp)
<fig/yemei.jpg>
 [110]
File: fig/yemei.jpg Graphic file (type bmp)
<fig/yemei.jpg>
 [111]
File: fig/yemei.jpg Graphic file (type bmp)
<fig/yemei.jpg>
 [112]
File: fig/yemei.jpg Graphic file (type bmp)
<fig/yemei.jpg>

[113]
File: fig/25.png Graphic file (type bmp)
<fig/25.png>
File: fig/yemei.jpg Graphic file (type bmp)
<fig/yemei.jpg>
 [114]
File: fig/yemei.jpg Graphic file (type bmp)
<fig/yemei.jpg>
 [115]
File: fig/yemei.jpg Graphic file (type bmp)
<fig/yemei.jpg>
 [116]
File: fig/26.png Graphic file (type bmp)
<fig/26.png>
File: fig/27.png Graphic file (type bmp)
<fig/27.png>
File: fig/yemei.jpg Graphic file (type bmp)
<fig/yemei.jpg>
 [117]
File: fig/28.png Graphic file (type bmp)
<fig/28.png>
File: fig/29.png Graphic file (type bmp)
<fig/29.png>
File: fig/30.png Graphic file (type bmp)
<fig/30.png>
File: fig/yemei.jpg Graphic file (type bmp)
<fig/yemei.jpg>
 [118]
File: fig/yemei.jpg Graphic file (type bmp)
<fig/yemei.jpg>
 [119]
File: fig/yemei.jpg Graphic file (type bmp)
<fig/yemei.jpg>
 [120]
File: fig/yemei.jpg Graphic file (type bmp)
<fig/yemei.jpg>
 [121]
File: fig/yemei.jpg Graphic file (type bmp)
<fig/yemei.jpg>
 [122]
File: fig/yemei.jpg Graphic file (type bmp)
<fig/yemei.jpg>
 [123]
File: fig/yemei.jpg Graphic file (type bmp)
<fig/yemei.jpg>
 [124]
File: fig/yemei.jpg Graphic file (type bmp)
<fig/yemei.jpg>

[125]
File: fig/yemei.jpg Graphic file (type bmp)
<fig/yemei.jpg>
 [126]
File: fig/yemei.jpg Graphic file (type bmp)
<fig/yemei.jpg>
 [127]
File: fig/yemei.jpg Graphic file (type bmp)
<fig/yemei.jpg>
 [128]
File: fig/yemei.jpg Graphic file (type bmp)
<fig/yemei.jpg>
 [129] 
AED: lastpage setting LastPage
[130] (./document.aux) ) 
Here is how much of TeX's memory you used:
 30601 strings out of 492922
 690041 string characters out of 6130063
 717548 words of memory out of 5000000
 34157 multiletter control sequences out of 15000+600000
 536038 words of font info for 60 fonts, out of 8000000 for 9000
 1348 hyphenation exceptions out of 8191
 55i,18n,68p,814b,1568s stack positions out of 5000i,500n,10000p,200000b,80000s

Output written on document.pdf (130 pages).
